CRITICAL - 2022-02-25 03:53:23 --> Call to undefined function user()
#0 E:\xampp\htdocs\app_cafe_cerilia_ukk\system\View\View.php(210): include()
#1 E:\xampp\htdocs\app_cafe_cerilia_ukk\system\View\View.php(213): CodeIgniter\View\View->CodeIgniter\View\{closure}()
#2 E:\xampp\htdocs\app_cafe_cerilia_ukk\system\View\View.php(424): CodeIgniter\View\View->render('layouts/compone...', NULL, true)
#3 E:\xampp\htdocs\app_cafe_cerilia_ukk\app\Views\layouts\admin.php(31): CodeIgniter\View\View->include('layouts/compone...')
#4 E:\xampp\htdocs\app_cafe_cerilia_ukk\system\View\View.php(210): include('E:\\xampp\\htdocs...')
#5 E:\xampp\htdocs\app_cafe_cerilia_ukk\system\View\View.php(213): CodeIgniter\View\View->CodeIgniter\View\{closure}()
#6 E:\xampp\htdocs\app_cafe_cerilia_ukk\system\View\View.php(226): CodeIgniter\View\View->render('layouts/admin', Array, true)
#7 E:\xampp\htdocs\app_cafe_cerilia_ukk\system\Common.php(1089): CodeIgniter\View\View->render('dashboard', Array, true)
#8 E:\xampp\htdocs\app_cafe_cerilia_ukk\app\Controllers\Home.php(13): view('dashboard')
#9 E:\xampp\htdocs\app_cafe_cerilia_ukk\system\CodeIgniter.php(825): App\Controllers\Home->dashboard()
#10 E:\xampp\htdocs\app_cafe_cerilia_ukk\system\CodeIgniter.php(412): CodeIgniter\CodeIgniter->runController(Object(App\Controllers\Home))
#11 E:\xampp\htdocs\app_cafe_cerilia_ukk\system\CodeIgniter.php(320): CodeIgniter\CodeIgniter->handleRequest(NULL, Object(Config\Cache), false)
#12 E:\xampp\htdocs\app_cafe_cerilia_ukk\public\index.php(37): CodeIgniter\CodeIgniter->run()
#13 E:\xampp\htdocs\app_cafe_cerilia_ukk\system\Commands\Server\rewrite.php(43): require_once('E:\\xampp\\htdocs...')
#14 {main}
CRITICAL - 2022-02-25 04:35:00 --> Class "App\Models\DetailPesananModel" not found
#0 E:\xampp\htdocs\app_cafe_cerilia_ukk\system\CodeIgniter.php(802): App\Controllers\PesananController->__construct()
#1 E:\xampp\htdocs\app_cafe_cerilia_ukk\system\CodeIgniter.php(403): CodeIgniter\CodeIgniter->createController()
#2 E:\xampp\htdocs\app_cafe_cerilia_ukk\system\CodeIgniter.php(320): CodeIgniter\CodeIgniter->handleRequest(NULL, Object(Config\Cache), false)
#3 E:\xampp\htdocs\app_cafe_cerilia_ukk\public\index.php(37): CodeIgniter\CodeIgniter->run()
#4 E:\xampp\htdocs\app_cafe_cerilia_ukk\system\Commands\Server\rewrite.php(43): require_once('E:\\xampp\\htdocs...')
#5 {main}
CRITICAL - 2022-02-25 04:35:57 --> Class "App\Models\DetailPesananModel" not found
#0 E:\xampp\htdocs\app_cafe_cerilia_ukk\system\CodeIgniter.php(802): App\Controllers\PesananController->__construct()
#1 E:\xampp\htdocs\app_cafe_cerilia_ukk\system\CodeIgniter.php(403): CodeIgniter\CodeIgniter->createController()
#2 E:\xampp\htdocs\app_cafe_cerilia_ukk\system\CodeIgniter.php(320): CodeIgniter\CodeIgniter->handleRequest(NULL, Object(Config\Cache), false)
#3 E:\xampp\htdocs\app_cafe_cerilia_ukk\public\index.php(37): CodeIgniter\CodeIgniter->run()
#4 E:\xampp\htdocs\app_cafe_cerilia_ukk\system\Commands\Server\rewrite.php(43): require_once('E:\\xampp\\htdocs...')
#5 {main}
CRITICAL - 2022-02-25 04:37:58 --> Class "App\Models\DetailPesananModel" not found
#0 E:\xampp\htdocs\app_cafe_cerilia_ukk\system\CodeIgniter.php(802): App\Controllers\PesananController->__construct()
#1 E:\xampp\htdocs\app_cafe_cerilia_ukk\system\CodeIgniter.php(403): CodeIgniter\CodeIgniter->createController()
#2 E:\xampp\htdocs\app_cafe_cerilia_ukk\system\CodeIgniter.php(320): CodeIgniter\CodeIgniter->handleRequest(NULL, Object(Config\Cache), false)
#3 E:\xampp\htdocs\app_cafe_cerilia_ukk\public\index.php(37): CodeIgniter\CodeIgniter->run()
#4 E:\xampp\htdocs\app_cafe_cerilia_ukk\system\Commands\Server\rewrite.php(43): require_once('E:\\xampp\\htdocs...')
#5 {main}
CRITICAL - 2022-02-25 04:42:00 --> Class "App\Controllers\DetailPesananModel" not found
#0 E:\xampp\htdocs\app_cafe_cerilia_ukk\system\CodeIgniter.php(802): App\Controllers\DetailController->__construct()
#1 E:\xampp\htdocs\app_cafe_cerilia_ukk\system\CodeIgniter.php(403): CodeIgniter\CodeIgniter->createController()
#2 E:\xampp\htdocs\app_cafe_cerilia_ukk\system\CodeIgniter.php(320): CodeIgniter\CodeIgniter->handleRequest(NULL, Object(Config\Cache), false)
#3 E:\xampp\htdocs\app_cafe_cerilia_ukk\public\index.php(37): CodeIgniter\CodeIgniter->run()
#4 E:\xampp\htdocs\app_cafe_cerilia_ukk\system\Commands\Server\rewrite.php(43): require_once('E:\\xampp\\htdocs...')
#5 {main}
CRITICAL - 2022-02-25 04:42:35 --> Class "App\Controllers\DetailModel" not found
#0 E:\xampp\htdocs\app_cafe_cerilia_ukk\system\CodeIgniter.php(802): App\Controllers\DetailController->__construct()
#1 E:\xampp\htdocs\app_cafe_cerilia_ukk\system\CodeIgniter.php(403): CodeIgniter\CodeIgniter->createController()
#2 E:\xampp\htdocs\app_cafe_cerilia_ukk\system\CodeIgniter.php(320): CodeIgniter\CodeIgniter->handleRequest(NULL, Object(Config\Cache), false)
#3 E:\xampp\htdocs\app_cafe_cerilia_ukk\public\index.php(37): CodeIgniter\CodeIgniter->run()
#4 E:\xampp\htdocs\app_cafe_cerilia_ukk\system\Commands\Server\rewrite.php(43): require_once('E:\\xampp\\htdocs...')
#5 {main}
CRITICAL - 2022-02-25 04:51:11 --> Invalid file: login.php
#0 E:\xampp\htdocs\app_cafe_cerilia_ukk\system\View\View.php(198): CodeIgniter\Exceptions\FrameworkException::forInvalidFile('login.php')
#1 E:\xampp\htdocs\app_cafe_cerilia_ukk\system\Common.php(1089): CodeIgniter\View\View->render('login', Array, true)
#2 E:\xampp\htdocs\app_cafe_cerilia_ukk\app\Controllers\usercontroller.php(63): view('login')
#3 E:\xampp\htdocs\app_cafe_cerilia_ukk\system\CodeIgniter.php(825): App\Controllers\usercontroller->tlogin()
#4 E:\xampp\htdocs\app_cafe_cerilia_ukk\system\CodeIgniter.php(412): CodeIgniter\CodeIgniter->runController(Object(App\Controllers\usercontroller))
#5 E:\xampp\htdocs\app_cafe_cerilia_ukk\system\CodeIgniter.php(320): CodeIgniter\CodeIgniter->handleRequest(NULL, Object(Config\Cache), false)
#6 E:\xampp\htdocs\app_cafe_cerilia_ukk\public\index.php(37): CodeIgniter\CodeIgniter->run()
#7 E:\xampp\htdocs\app_cafe_cerilia_ukk\system\Commands\Server\rewrite.php(43): require_once('E:\\xampp\\htdocs...')
#8 {main}
