CRITICAL - 2022-03-03 04:04:17 --> Class "App\Models\DetailModel" not found
#0 E:\xampp\htdocs\app_cafe_cerilia_ukk\system\CodeIgniter.php(802): App\Controllers\PesananController->__construct()
#1 E:\xampp\htdocs\app_cafe_cerilia_ukk\system\CodeIgniter.php(403): CodeIgniter\CodeIgniter->createController()
#2 E:\xampp\htdocs\app_cafe_cerilia_ukk\system\CodeIgniter.php(320): CodeIgniter\CodeIgniter->handleRequest(NULL, Object(Config\Cache), false)
#3 E:\xampp\htdocs\app_cafe_cerilia_ukk\public\index.php(37): CodeIgniter\CodeIgniter->run()
#4 E:\xampp\htdocs\app_cafe_cerilia_ukk\system\Commands\Server\rewrite.php(43): require_once('E:\\xampp\\htdocs...')
#5 {main}
CRITICAL - 2022-03-03 04:04:49 --> Class "App\Models\LaporanModel" not found
#0 E:\xampp\htdocs\app_cafe_cerilia_ukk\system\CodeIgniter.php(802): App\Controllers\PesananController->__construct()
#1 E:\xampp\htdocs\app_cafe_cerilia_ukk\system\CodeIgniter.php(403): CodeIgniter\CodeIgniter->createController()
#2 E:\xampp\htdocs\app_cafe_cerilia_ukk\system\CodeIgniter.php(320): CodeIgniter\CodeIgniter->handleRequest(NULL, Object(Config\Cache), false)
#3 E:\xampp\htdocs\app_cafe_cerilia_ukk\public\index.php(37): CodeIgniter\CodeIgniter->run()
#4 E:\xampp\htdocs\app_cafe_cerilia_ukk\system\Commands\Server\rewrite.php(43): require_once('E:\\xampp\\htdocs...')
#5 {main}
CRITICAL - 2022-03-03 04:05:31 --> Class "App\Models\DetailModel" not found
#0 E:\xampp\htdocs\app_cafe_cerilia_ukk\system\CodeIgniter.php(802): App\Controllers\PesananController->__construct()
#1 E:\xampp\htdocs\app_cafe_cerilia_ukk\system\CodeIgniter.php(403): CodeIgniter\CodeIgniter->createController()
#2 E:\xampp\htdocs\app_cafe_cerilia_ukk\system\CodeIgniter.php(320): CodeIgniter\CodeIgniter->handleRequest(NULL, Object(Config\Cache), false)
#3 E:\xampp\htdocs\app_cafe_cerilia_ukk\public\index.php(37): CodeIgniter\CodeIgniter->run()
#4 E:\xampp\htdocs\app_cafe_cerilia_ukk\system\Commands\Server\rewrite.php(43): require_once('E:\\xampp\\htdocs...')
#5 {main}
CRITICAL - 2022-03-03 04:05:35 --> Class "App\Models\DetailModel" not found
#0 E:\xampp\htdocs\app_cafe_cerilia_ukk\system\CodeIgniter.php(802): App\Controllers\PesananController->__construct()
#1 E:\xampp\htdocs\app_cafe_cerilia_ukk\system\CodeIgniter.php(403): CodeIgniter\CodeIgniter->createController()
#2 E:\xampp\htdocs\app_cafe_cerilia_ukk\system\CodeIgniter.php(320): CodeIgniter\CodeIgniter->handleRequest(NULL, Object(Config\Cache), false)
#3 E:\xampp\htdocs\app_cafe_cerilia_ukk\public\index.php(37): CodeIgniter\CodeIgniter->run()
#4 E:\xampp\htdocs\app_cafe_cerilia_ukk\system\Commands\Server\rewrite.php(43): require_once('E:\\xampp\\htdocs...')
#5 {main}
CRITICAL - 2022-03-03 04:06:10 --> Class "App\Models\DetailModel" not found
#0 E:\xampp\htdocs\app_cafe_cerilia_ukk\system\CodeIgniter.php(802): App\Controllers\PesananController->__construct()
#1 E:\xampp\htdocs\app_cafe_cerilia_ukk\system\CodeIgniter.php(403): CodeIgniter\CodeIgniter->createController()
#2 E:\xampp\htdocs\app_cafe_cerilia_ukk\system\CodeIgniter.php(320): CodeIgniter\CodeIgniter->handleRequest(NULL, Object(Config\Cache), false)
#3 E:\xampp\htdocs\app_cafe_cerilia_ukk\public\index.php(37): CodeIgniter\CodeIgniter->run()
#4 E:\xampp\htdocs\app_cafe_cerilia_ukk\system\Commands\Server\rewrite.php(43): require_once('E:\\xampp\\htdocs...')
#5 {main}
